2025-02-22 16:46:00 INFO  Main:35 - saved data reading
2025-02-22 16:46:00 INFO  Main:40 - application start
2025-02-22 16:46:00 INFO  Controller:74 - Main controller initializing
2025-02-22 16:46:09 INFO  NewEditController:89 - new/edit window initializing
2025-02-22 16:46:36 INFO  NewEditController:89 - new/edit window initializing
2025-02-22 16:47:33 INFO  NewEditController:89 - new/edit window initializing
2025-02-28 14:49:21 INFO  Main:35 - saved data reading
2025-02-28 14:49:22 INFO  Main:40 - application start
2025-02-28 14:49:22 INFO  Controller:74 - Main controller initializing
2025-03-13 20:47:31 INFO  Main:35 - saved data reading
2025-03-13 20:47:31 INFO  Main:40 - application start
2025-03-13 20:47:31 INFO  Controller:74 - Main controller initializing
2025-03-13 21:01:10 INFO  Main:35 - saved data reading
2025-03-13 21:01:10 INFO  Main:40 - application start
2025-03-13 21:01:10 INFO  Controller:74 - Main controller initializing
2025-03-13 21:04:08 INFO  Main:35 - saved data reading
2025-03-13 21:04:08 INFO  Main:40 - application start
2025-03-13 21:04:08 INFO  Controller:74 - Main controller initializing
2025-03-14 14:15:50 INFO  Main:35 - saved data reading
2025-03-14 14:15:50 INFO  Main:40 - application start
2025-03-14 14:15:50 INFO  Controller:74 - Main controller initializing
2025-03-14 14:37:57 INFO  Main:35 - saved data reading
2025-03-14 14:37:57 INFO  Main:40 - application start
2025-03-14 14:37:57 INFO  Controller:74 - Main controller initializing
2025-03-27 19:00:50 INFO  Main:35 - saved data reading
2025-03-27 19:00:50 INFO  Main:40 - application start
2025-03-27 19:00:51 INFO  Controller:74 - Main controller initializing
2025-03-27 19:00:57 INFO  NewEditController:89 - new/edit window initializing
2025-03-27 19:19:00 INFO  Main:35 - saved data reading
2025-03-27 19:19:00 INFO  Main:40 - application start
2025-03-27 19:19:00 INFO  Controller:74 - Main controller initializing
2025-03-27 19:19:12 INFO  NewEditController:89 - new/edit window initializing
2025-03-27 19:19:14 INFO  NewEditController:89 - new/edit window initializing
2025-03-27 19:22:19 INFO  Main:35 - saved data reading
2025-03-27 19:22:19 INFO  Main:40 - application start
2025-03-27 19:22:19 INFO  Controller:74 - Main controller initializing
2025-03-27 19:22:56 INFO  Main:35 - saved data reading
2025-03-27 19:22:56 INFO  Main:40 - application start
2025-03-27 19:22:56 INFO  Controller:74 - Main controller initializing
2025-03-27 19:43:33 INFO  Main:35 - saved data reading
2025-03-27 19:43:33 INFO  Main:40 - application start
2025-03-27 19:43:34 INFO  Controller:74 - Main controller initializing
2025-03-28 14:10:06 INFO  Main:35 - saved data reading
2025-03-28 14:10:06 INFO  Main:40 - application start
2025-03-28 14:10:06 INFO  Controller:74 - Main controller initializing
2025-03-28 14:28:51 INFO  Main:35 - saved data reading
2025-03-28 14:28:51 INFO  Main:40 - application start
2025-03-28 14:28:51 INFO  Controller:74 - Main controller initializing
2025-04-03 20:30:02 ERROR ArrayTaskList:94 - Not existing index
2025-04-03 20:34:05 ERROR ArrayTaskList:111 - Not existing index
2025-04-03 20:34:34 INFO  Main:35 - saved data reading
2025-04-03 20:34:34 INFO  Main:40 - application start
2025-04-03 20:34:34 INFO  Controller:74 - Main controller initializing
2025-04-03 20:34:42 ERROR ArrayTaskList:111 - Not existing index
2025-04-03 21:04:16 ERROR ArrayTaskList:120 - Not existing index
2025-04-03 21:04:16 ERROR ArrayTaskList:67 - Task validation failed: End date is required for repeated tasks
2025-04-03 21:04:16 ERROR ArrayTaskList:67 - Task validation failed: Task title must be at least 3 characters long
2025-04-03 21:04:55 ERROR ArrayTaskList:120 - Not existing index
2025-04-03 21:04:55 ERROR ArrayTaskList:67 - Task validation failed: End date is required for repeated tasks
2025-04-03 21:04:55 ERROR ArrayTaskList:67 - Task validation failed: Task title must be at least 3 characters long
2025-04-03 21:12:28 ERROR ArrayTaskList:67 - Task validation failed: Task title cannot exceed 100 characters
2025-04-03 21:12:28 ERROR ArrayTaskList:67 - Task validation failed: End date is required for repeated tasks
2025-04-03 21:12:28 ERROR ArrayTaskList:67 - Task validation failed: Task title must be at least 3 characters long
2025-04-03 21:12:28 ERROR ArrayTaskList:67 - Task validation failed: Task title must be at least 3 characters long
